<?xml version="1.0" encoding="UTF-8"?>
<!-- Generated by org.testng.reporters.JUnitReportReporter -->
<testsuite hostname="DESKTOP-F8I6CN8" failures="0" tests="4" name="motengo_test.userTest" time="18.737" errors="0" timestamp="2024-10-22T19:25:17 AST" skipped="3">
  <testcase classname="motengo_test.userTest" name="AddItemToThecart" time="18.737"/>
  <system-out/>
  <testcase classname="motengo_test.userTest" name="signInTest">
    <skipped/>
  </testcase> <!-- signInTest -->
  <system-out/>
  <testcase classname="motengo_test.userTest" name="signUpTest">
    <skipped/>
  </testcase> <!-- signUpTest -->
  <system-out/>
  <testcase classname="motengo_test.userTest" name="logOutTest">
    <skipped/>
  </testcase> <!-- logOutTest -->
  <system-out/>
</testsuite> <!-- motengo_test.userTest -->
